<?xml version="1.0" encoding="UTF-8"?>
<!-- Generated by org.testng.reporters.JUnitXMLReporter -->
<testsuite ignored="0" hostname="TL0017" failures="0" tests="4" name="Test" time="151.875" errors="0" timestamp="2022-09-18T09:23:36 IST">
  <testcase classname="dataIntegration.CreateLead" name="runCreate" time="7.206"/>
  <testcase classname="dataIntegration.CreateLead" name="runCreate" time="6.249"/>
  <testcase classname="dataIntegration.DuplicateLead" name="runduplicate" time="10.45"/>
  <testcase classname="dataIntegration.DeleteLead" name="runDelete" time="7.734"/>
</testsuite> <!-- Test -->
